[2020-08-31 18:48:28] production.ERROR: The "C:\laragon\www\teachify\app\Plugins" directory does not exist. {"exception":"[object] (Symfony\\Component\\Finder\\Exception\\DirectoryNotFoundException(code: 0): The \"C:\\laragon\\www\\teachify\\app\\Plugins\" directory does not exist. at C:\\laragon\\www\\teachify\\vendor\\symfony\\finder\\Finder.php:589)
[stacktrace]
#0 C:\\laragon\\www\\teachify\\app\\Module\\PluginManager.php(71): Symfony\\Component\\Finder\\Finder->in('C:\\\\laragon\\\\www\\\\...')
#1 C:\\laragon\\www\\teachify\\app\\Module\\PluginManager.php(40): App\\Module\\PluginManager->bootPlugins()
#2 C:\\laragon\\www\\teachify\\app\\Module\\PluginManager.php(60): App\\Module\\PluginManager->__construct(Object(Illuminate\\Foundation\\Application))
#3 C:\\laragon\\www\\teachify\\app\\Module\\PluginServiceProvider.php(13): App\\Module\\PluginManager::getInstance(Object(Illuminate\\Foundation\\Application))
#4 [internal function]: App\\Module\\PluginServiceProvider->boot()
#5 C:\\laragon\\www\\teachify\\vendor\\laravel\\framework\\src\\Illuminate\\Container\\BoundMethod.php(32): call_user_func_array(Array, Array)
#6 C:\\laragon\\www\\teachify\\vendor\\laravel\\framework\\src\\Illuminate\\Container\\Util.php(36): Illuminate\\Container\\BoundMethod::Illuminate\\Container\\{closure}()
#7 C:\\laragon\\www\\teachify\\vendor\\laravel\\framework\\src\\Illuminate\\Container\\BoundMethod.php(90): Illuminate\\Container\\Util::unwrapIfClosure(Object(Closure))
#8 C:\\laragon\\www\\teachify\\vendor\\laravel\\framework\\src\\Illuminate\\Container\\BoundMethod.php(34): Illuminate\\Container\\BoundMethod::callBoundMethod(Object(Illuminate\\Foundation\\Application), Array, Object(Closure))
#9 C:\\laragon\\www\\teachify\\vendor\\laravel\\framework\\src\\Illuminate\\Container\\Container.php(592): Illuminate\\Container\\BoundMethod::call(Object(Illuminate\\Foundation\\Application), Array, Array, NULL)
#10 C:\\laragon\\www\\teachify\\vendor\\laravel\\framework\\src\\Illuminate\\Foundation\\Application.php(865): Illuminate\\Container\\Container->call(Array)
#11 C:\\laragon\\www\\teachify\\vendor\\laravel\\framework\\src\\Illuminate\\Foundation\\Application.php(848): Illuminate\\Foundation\\Application->bootProvider(Object(App\\Module\\PluginServiceProvider))
#12 [internal function]: Illuminate\\Foundation\\Application->Illuminate\\Foundation\\{closure}(Object(App\\Module\\PluginServiceProvider), 26)
#13 C:\\laragon\\www\\teachify\\vendor\\laravel\\framework\\src\\Illuminate\\Foundation\\Application.php(849): array_walk(Array, Object(Closure))
#14 C:\\laragon\\www\\teachify\\vendor\\laravel\\framework\\src\\Illuminate\\Foundation\\Bootstrap\\BootProviders.php(17): Illuminate\\Foundation\\Application->boot()
#15 C:\\laragon\\www\\teachify\\vendor\\laravel\\framework\\src\\Illuminate\\Foundation\\Application.php(228): Illuminate\\Foundation\\Bootstrap\\BootProviders->bootstrap(Object(Illuminate\\Foundation\\Application))
#16 C:\\laragon\\www\\teachify\\vendor\\laravel\\framework\\src\\Illuminate\\Foundation\\Http\\Kernel.php(151): Illuminate\\Foundation\\Application->bootstrapWith(Array)
#17 C:\\laragon\\www\\teachify\\vendor\\laravel\\framework\\src\\Illuminate\\Foundation\\Http\\Kernel.php(135): Illuminate\\Foundation\\Http\\Kernel->bootstrap()
#18 C:\\laragon\\www\\teachify\\vendor\\laravel\\framework\\src\\Illuminate\\Foundation\\Http\\Kernel.php(109): Illuminate\\Foundation\\Http\\Kernel->sendRequestThroughRouter(Object(Illuminate\\Http\\Request))
#19 C:\\laragon\\www\\teachify\\public\\index.php(78): Illuminate\\Foundation\\Http\\Kernel->handle(Object(Illuminate\\Http\\Request))
#20 {main}
"} 
